{"C:\\Users\\Chanchiwawis\\Desktop\\proyecto-individual\\src\\components\\details\\PokeDetails.jsx": {"path":"C:\\Users\\Chanchiwawis\\Desktop\\proyecto-individual\\src\\components\\details\\PokeDetails.jsx","statementMap":{"0":{"start":{"line":10,"column":27},"end":{"line":35,"column":1}},"1":{"start":{"line":11,"column":17},"end":{"line":11,"column":28}},"2":{"start":{"line":12,"column":22},"end":{"line":12,"column":63}},"3":{"start":{"line":12,"column":43},"end":{"line":12,"column":62}},"4":{"start":{"line":13,"column":18},"end":{"line":13,"column":66}},"5":{"start":{"line":13,"column":45},"end":{"line":13,"column":65}},"6":{"start":{"line":15,"column":2},"end":{"line":34,"column":3}},"7":{"start":{"line":29,"column":39},"end":{"line":29,"column":59}}},"fnMap":{"0":{"name":"(anonymous_0)","decl":{"start":{"line":10,"column":27},"end":{"line":10,"column":28}},"loc":{"start":{"line":10,"column":33},"end":{"line":35,"column":1}},"line":10},"1":{"name":"(anonymous_1)","decl":{"start":{"line":12,"column":34},"end":{"line":12,"column":35}},"loc":{"start":{"line":12,"column":43},"end":{"line":12,"column":62}},"line":12},"2":{"name":"(anonymous_2)","decl":{"start":{"line":13,"column":35},"end":{"line":13,"column":36}},"loc":{"start":{"line":13,"column":45},"end":{"line":13,"column":65}},"line":13},"3":{"name":"(anonymous_3)","decl":{"start":{"line":29,"column":29},"end":{"line":29,"column":30}},"loc":{"start":{"line":29,"column":39},"end":{"line":29,"column":59}},"line":29}},"branchMap":{},"s":{"0":1,"1":1,"2":1,"3":0,"4":1,"5":1,"6":1,"7":2},"f":{"0":1,"1":0,"2":1,"3":2},"b":{},"_coverageSchema":"1a1c01bbd47fc00a2c39e90264f33305004495a9","hash":"38796b80fb6caf94a0eb58c3b9543b9beabff748"}
}
